\BOOKMARK [0][-]{chapter.1}{\376\377\000I\000n\000t\000r\000o\000d\000u\000c\000t\000i\000o\000n}{}% 1
\BOOKMARK [1][-]{section.1.1}{\376\377\000C\000o\000n\000t\000r\000i\000b\000u\000t\000i\000o\000n}{chapter.1}% 2
\BOOKMARK [0][-]{chapter.2}{\376\377\000B\000a\000c\000k\000g\000r\000o\000u\000n\000d}{}% 3
\BOOKMARK [1][-]{section.2.1}{\376\377\000S\000c\000a\000l\000a}{chapter.2}% 4
\BOOKMARK [1][-]{section.2.2}{\376\377\000O\000b\000j\000e\000c\000t\000\040\000C\000a\000p\000a\000b\000i\000l\000i\000t\000i\000e\000s}{chapter.2}% 5
\BOOKMARK [1][-]{section.2.3}{\376\377\000B\000o\000x\000e\000s}{chapter.2}% 6
\BOOKMARK [1][-]{section.2.4}{\376\377\000A\000f\000f\000i\000n\000i\000t\000y\000\040\000t\000h\000r\000o\000u\000g\000h\000\040\000C\000P\000S}{chapter.2}% 7
\BOOKMARK [1][-]{section.2.5}{\376\377\000C\000o\000n\000c\000u\000r\000r\000e\000n\000c\000y\000\040\000M\000o\000d\000e\000l\000s}{chapter.2}% 8
\BOOKMARK [0][-]{chapter.3}{\376\377\000O\000v\000e\000r\000v\000i\000e\000w\000\040\000o\000f\000\040\000P\000a\000r\000a\000l\000l\000e\000l\000\040\000L\000a\000C\000a\000s\000a}{}% 9
\BOOKMARK [1][-]{section.3.1}{\376\377\000F\000i\000r\000s\000t\000\040\000S\000t\000e\000p\000:\000\040\000A\000s\000y\000n\000c\000\040\000F\000i\000n\000i\000s\000h\000\040\000M\000o\000d\000e\000l}{chapter.3}% 10
\BOOKMARK [1][-]{section.3.2}{\376\377\000S\000e\000c\000o\000n\000d\000\040\000S\000t\000e\000p\000:\000\040\000B\000o\000x\000e\000s\000\040\000a\000n\000d\000\040\000O\000b\000j\000e\000c\000t\000\040\000C\000a\000p\000a\000b\000i\000l\000i\000t\000i\000e\000s}{chapter.3}% 11
\BOOKMARK [1][-]{section.3.3}{\376\377\000T\000h\000i\000r\000d\000\040\000S\000t\000e\000p\000:\000\040\000P\000e\000r\000m\000i\000s\000s\000i\000o\000n\000s}{chapter.3}% 12
\BOOKMARK [1][-]{section.3.4}{\376\377\000F\000o\000u\000r\000t\000h\000\040\000S\000t\000e\000p\000:\000\040\000U\000n\000i\000q\000u\000e\000\040\000F\000i\000e\000l\000d\000s}{chapter.3}% 13
\BOOKMARK [1][-]{section.3.5}{\376\377\000M\000e\000r\000g\000i\000n\000g\000\040\000B\000o\000x\000e\000s}{chapter.3}% 14
\BOOKMARK [0][-]{chapter.4}{\376\377\000F\000o\000r\000m\000a\000l\000i\000z\000a\000t\000i\000o\000n}{}% 15
\BOOKMARK [1][-]{section.4.1}{\376\377\000S\000y\000n\000t\000a\000x}{chapter.4}% 16
\BOOKMARK [1][-]{section.4.2}{\376\377\000D\000y\000n\000a\000m\000i\000c\000\040\000S\000e\000m\000a\000n\000t\000i\000c\000s}{chapter.4}% 17
\BOOKMARK [2][-]{subsection.4.2.1}{\376\377\000S\000i\000n\000g\000l\000e\000\040\000F\000r\000a\000m\000e\000\040\000R\000e\000d\000u\000c\000t\000i\000o\000n}{section.4.2}% 18
\BOOKMARK [2][-]{subsection.4.2.2}{\376\377\000F\000r\000a\000m\000e\000\040\000S\000t\000a\000c\000k\000\040\000R\000e\000d\000u\000c\000t\000i\000o\000n}{section.4.2}% 19
\BOOKMARK [2][-]{subsection.4.2.3}{\376\377\000T\000a\000s\000k\000\040\000S\000e\000t\000\040\000R\000e\000d\000u\000c\000t\000i\000o\000n}{section.4.2}% 20
\BOOKMARK [2][-]{subsection.4.2.4}{\376\377\000I\000n\000i\000t\000i\000a\000l\000\040\000s\000t\000a\000t\000e}{section.4.2}% 21
\BOOKMARK [1][-]{section.4.3}{\376\377\000S\000t\000a\000t\000i\000c\000\040\000S\000e\000m\000a\000n\000t\000i\000c\000s}{chapter.4}% 22
\BOOKMARK [2][-]{subsection.4.3.1}{\376\377\000T\000y\000p\000e\000\040\000C\000h\000e\000c\000k\000i\000n\000g}{section.4.3}% 23
\BOOKMARK [2][-]{subsection.4.3.2}{\376\377\000W\000e\000l\000l\000-\000F\000o\000r\000m\000e\000d\000\040\000P\000r\000o\000g\000r\000a\000m\000s}{section.4.3}% 24
\BOOKMARK [2][-]{subsection.4.3.3}{\376\377\000G\000u\000a\000r\000d\000e\000d\000\040\000T\000y\000p\000e\000s\000\040\000a\000n\000d\000\040\000P\000e\000r\000m\000i\000s\000s\000i\000o\000n\000s}{section.4.3}% 25
\BOOKMARK [2][-]{subsection.4.3.4}{\376\377\000O\000b\000j\000e\000c\000t\000\040\000C\000a\000p\000a\000b\000i\000l\000i\000t\000i\000e\000s}{section.4.3}% 26
\BOOKMARK [2][-]{subsection.4.3.5}{\376\377\000T\000e\000r\000m\000\040\000a\000n\000d\000\040\000E\000x\000p\000r\000e\000s\000s\000i\000o\000n\000\040\000T\000y\000p\000i\000n\000g}{section.4.3}% 27
\BOOKMARK [2][-]{subsection.4.3.6}{\376\377\000S\000u\000b\000t\000y\000p\000i\000n\000g}{section.4.3}% 28
\BOOKMARK [2][-]{subsection.4.3.7}{\376\377\000W\000e\000l\000l\000-\000F\000o\000r\000m\000e\000d\000n\000e\000s\000s}{section.4.3}% 29
\BOOKMARK [0][-]{chapter.5}{\376\377\000P\000r\000o\000p\000e\000r\000t\000i\000e\000s}{}% 30
\BOOKMARK [1][-]{section.5.1}{\376\377\000P\000r\000o\000g\000r\000e\000s\000s}{chapter.5}% 31
\BOOKMARK [1][-]{section.5.2}{\376\377\000I\000s\000o\000l\000a\000t\000i\000o\000n}{chapter.5}% 32
\BOOKMARK [1][-]{section.5.3}{\376\377\000P\000r\000e\000s\000e\000r\000v\000a\000t\000i\000o\000n}{chapter.5}% 33
\BOOKMARK [0][-]{chapter.6}{\376\377\000R\000e\000l\000a\000t\000e\000d\000\040\000W\000o\000r\000k}{}% 34
\BOOKMARK [1][-]{section.6.1}{\376\377\000L\000a\000C\000a\000s\000a}{chapter.6}% 35
\BOOKMARK [1][-]{section.6.2}{\376\377\000X\0001\0000}{chapter.6}% 36
\BOOKMARK [1][-]{section.6.3}{\376\377\000H\000a\000b\000a\000n\000e\000r\000o\000-\000J\000a\000v\000a}{chapter.6}% 37
\BOOKMARK [1][-]{section.6.4}{\376\377\000D\000e\000t\000e\000r\000m\000i\000n\000i\000s\000t\000i\000c\000\040\000P\000a\000r\000a\000l\000l\000e\000l\000\040\000J\000a\000v\000a}{chapter.6}% 38
\BOOKMARK [1][-]{section.6.5}{\376\377\000R\000u\000s\000t}{chapter.6}% 39
\BOOKMARK [1][-]{section.6.6}{\376\377\000L\000V\000a\000r\000s}{chapter.6}% 40
\BOOKMARK [0][-]{chapter.7}{\376\377\000C\000o\000n\000c\000l\000u\000s\000i\000o\000n}{}% 41
\BOOKMARK [1][-]{section.7.1}{\376\377\000F\000u\000t\000u\000r\000e\000\040\000W\000o\000r\000k}{chapter.7}% 42
\BOOKMARK [0][-]{appendix.A}{\376\377\000D\000e\000f\000i\000n\000i\000t\000i\000o\000n\000s}{}% 43
\BOOKMARK [0][-]{appendix.B}{\376\377\000P\000r\000o\000o\000f\000s}{}% 44
\BOOKMARK [1][-]{section.B.1}{\376\377\000P\000r\000o\000g\000r\000e\000s\000s}{appendix.B}% 45
\BOOKMARK [2][-]{paragraph.B.1.0.0.1}{\376\377\000F\000i\000n\000i\000s\000h}{section.B.1}% 46
\BOOKMARK [3][-]{paragraph.B.1.0.0.2}{\376\377\000A\000s\000y\000n\000c}{paragraph.B.1.0.0.1}% 47
\BOOKMARK [4][-]{paragraph.B.1.0.0.3}{\376\377\000C\000a\000p\000t\000u\000r\000e}{paragraph.B.1.0.0.2}% 48
\BOOKMARK [4][-]{paragraph.B.1.0.0.4}{\376\377\000S\000w\000a\000p}{paragraph.B.1.0.0.2}% 49
\BOOKMARK [4][-]{paragraph.B.1.0.0.5}{\376\377\000S\000e\000l\000e\000c\000t}{paragraph.B.1.0.0.2}% 50
\BOOKMARK [4][-]{paragraph.B.1.0.0.6}{\376\377\000A\000s\000s\000i\000g\000n}{paragraph.B.1.0.0.2}% 51
\BOOKMARK [4][-]{paragraph.B.1.0.0.7}{\376\377\000R\000e\000m\000a\000i\000n\000i\000n\000g\000\040\000r\000u\000l\000e\000s}{paragraph.B.1.0.0.2}% 52
\BOOKMARK [1][-]{section.B.2}{\376\377\000I\000s\000o\000l\000a\000t\000i\000o\000n}{appendix.B}% 53
\BOOKMARK [2][-]{paragraph.B.2.0.0.1}{\376\377\000E\000-\000T\000A\000S\000K\000-\000D\000O\000N\000E}{section.B.2}% 54
\BOOKMARK [3][-]{paragraph.B.2.0.0.2}{\376\377\000E\000-\000R\000E\000S\000U\000M\000E}{paragraph.B.2.0.0.1}% 55
\BOOKMARK [4][-]{paragraph.B.2.0.0.3}{\376\377\000E\000-\000F\000I\000N\000I\000S\000H}{paragraph.B.2.0.0.2}% 56
\BOOKMARK [4][-]{paragraph.B.2.0.0.4}{\376\377\000E\000-\000A\000S\000Y\000N\000C}{paragraph.B.2.0.0.2}% 57
\BOOKMARK [4][-]{paragraph.B.2.0.0.5}{\376\377\000E\000-\000C\000A\000P\000T\000U\000R\000E}{paragraph.B.2.0.0.2}% 58
\BOOKMARK [4][-]{paragraph.B.2.0.0.6}{\376\377\000E\000-\000S\000W\000A\000P}{paragraph.B.2.0.0.2}% 59
\BOOKMARK [4][-]{paragraph.B.2.0.0.7}{\376\377\000E\000-\000I\000N\000V\000O\000K\000E}{paragraph.B.2.0.0.2}% 60
\BOOKMARK [2][-]{subsection.B.2.1}{\376\377\000E\000-\000S\000T\000A\000C\000K}{section.B.2}% 61
\BOOKMARK [3][-]{paragraph.B.2.1.0.1}{\376\377\000E\000-\000B\000O\000X}{subsection.B.2.1}% 62
\BOOKMARK [4][-]{paragraph.B.2.1.0.2}{\376\377\000E\000-\000R\000E\000T\000U\000R\000N\0001}{paragraph.B.2.1.0.1}% 63
\BOOKMARK [4][-]{paragraph.B.2.1.0.3}{\376\377\000E\000-\000R\000E\000T\000U\000R\000N\0002}{paragraph.B.2.1.0.1}% 64
\BOOKMARK [2][-]{subsection.B.2.2}{\376\377\000E\000-\000F\000R\000A\000M\000E}{section.B.2}% 65
\BOOKMARK [3][-]{paragraph.B.2.2.0.1}{\376\377\000E\000-\000N\000U\000L\000L}{subsection.B.2.2}% 66
\BOOKMARK [4][-]{paragraph.B.2.2.0.2}{\376\377\000E\000-\000V\000A\000R}{paragraph.B.2.2.0.1}% 67
\BOOKMARK [4][-]{paragraph.B.2.2.0.3}{\376\377\000E\000-\000S\000E\000L\000E\000C\000T}{paragraph.B.2.2.0.1}% 68
\BOOKMARK [4][-]{paragraph.B.2.2.0.4}{\376\377\000E\000-\000A\000S\000S\000I\000G\000N}{paragraph.B.2.2.0.1}% 69
\BOOKMARK [4][-]{paragraph.B.2.2.0.5}{\376\377\000E\000-\000N\000E\000W}{paragraph.B.2.2.0.1}% 70
\BOOKMARK [0][-]{paragraph.B.2.2.0.5}{\376\377\000R\000e\000f\000e\000r\000e\000n\000c\000e\000s}{}% 71
\BOOKMARK [0][-]{appendix*.29}{\376\377\000R\000e\000f\000e\000r\000e\000n\000c\000e\000s}{}% 72
